2023-09-19 18:26:06.9703 DEBUG Start listening for @EduStoryFortDialogueBot
2023-09-19 18:26:07.1328 DEBUG Enter to cycle
2023-09-19 18:27:00.0052 DEBUG Detect updates
2023-09-19 20:02:52.4658 DEBUG Start listening for @EduStoryFortDialogueBot
2023-09-19 20:02:52.6205 DEBUG Enter to cycle
2023-09-19 20:03:03.4020 DEBUG Detect updates
2023-09-19 20:03:04.6644 ERROR Microsoft.Data.Sqlite.SqliteException (0x80004005): SQLite Error 1: 'no such table: PersonRole'.
   at Microsoft.Data.Sqlite.SqliteException.ThrowExceptionForRC(Int32 rc, sqlite3 db)
   at Microsoft.Data.Sqlite.SqliteCommand.PrepareAndEnumerateStatements(Stopwatch timer)+MoveNext()
   at Microsoft.Data.Sqlite.SqliteCommand.GetStatements(Stopwatch timer)+MoveNext()
   at Microsoft.Data.Sqlite.SqliteDataReader.NextResult()
   at Microsoft.Data.Sqlite.SqliteCommand.ExecuteReader(CommandBehavior behavior)
   at Microsoft.Data.Sqlite.SqliteCommand.ExecuteDbDataReader(CommandBehavior behavior)
   at System.Data.Common.DbCommand.ExecuteReader()
   at Microsoft.EntityFrameworkCore.Storage.RelationalCommand.ExecuteReader(RelationalCommandParameterObject parameterObject)
   at Microsoft.EntityFrameworkCore.Query.Internal.SingleQueryingEnumerable`1.Enumerator.InitializeReader(Enumerator enumerator)
   at Microsoft.EntityFrameworkCore.Query.Internal.SingleQueryingEnumerable`1.Enumerator.<>c.<MoveNext>b__21_0(DbContext _, Enumerator enumerator)
   at Microsoft.EntityFrameworkCore.Storage.NonRetryingExecutionStrategy.Execute[TState,TResult](TState state, Func`3 operation, Func`3 verifySucceeded)
   at Microsoft.EntityFrameworkCore.Query.Internal.SingleQueryingEnumerable`1.Enumerator.MoveNext()
   at System.Linq.Enumerable.TryGetSingle[TSource](IEnumerable`1 source, Boolean& found)
   at lambda_method254(Closure , QueryContext )
   at Microsoft.EntityFrameworkCore.Query.Internal.QueryCompiler.Execute[TResult](Expression query)
   at Microsoft.EntityFrameworkCore.Query.Internal.EntityQueryProvider.Execute[TResult](Expression expression)
   at System.Linq.Queryable.FirstOrDefault[TSource](IQueryable`1 source)
   at AES.BusinessLogic.Implementation.UserFinder.findByLogin(String login) in /home/timur/RiderProjects/AES/AES.BusinessLogic.Implementation/UserFinderBusinessObject.cs:line 19
   at Program.<Main>$(String[] args) in /home/timur/RiderProjects/AES/MyStoryBot/Program.cs:line 73
2023-09-19 20:05:27.4324 DEBUG Start listening for @EduStoryFortDialogueBot
2023-09-19 20:05:27.6344 DEBUG Enter to cycle
2023-09-19 20:05:40.9235 DEBUG Detect updates
2023-09-19 20:05:42.1679 ERROR Microsoft.Data.Sqlite.SqliteException (0x80004005): SQLite Error 1: 'no such table: PersonRole'.
   at Microsoft.Data.Sqlite.SqliteException.ThrowExceptionForRC(Int32 rc, sqlite3 db)
   at Microsoft.Data.Sqlite.SqliteCommand.PrepareAndEnumerateStatements(Stopwatch timer)+MoveNext()
   at Microsoft.Data.Sqlite.SqliteCommand.GetStatements(Stopwatch timer)+MoveNext()
   at Microsoft.Data.Sqlite.SqliteDataReader.NextResult()
   at Microsoft.Data.Sqlite.SqliteCommand.ExecuteReader(CommandBehavior behavior)
   at Microsoft.Data.Sqlite.SqliteCommand.ExecuteDbDataReader(CommandBehavior behavior)
   at System.Data.Common.DbCommand.ExecuteReader()
   at Microsoft.EntityFrameworkCore.Storage.RelationalCommand.ExecuteReader(RelationalCommandParameterObject parameterObject)
   at Microsoft.EntityFrameworkCore.Query.Internal.SingleQueryingEnumerable`1.Enumerator.InitializeReader(Enumerator enumerator)
   at Microsoft.EntityFrameworkCore.Query.Internal.SingleQueryingEnumerable`1.Enumerator.<>c.<MoveNext>b__21_0(DbContext _, Enumerator enumerator)
   at Microsoft.EntityFrameworkCore.Storage.NonRetryingExecutionStrategy.Execute[TState,TResult](TState state, Func`3 operation, Func`3 verifySucceeded)
   at Microsoft.EntityFrameworkCore.Query.Internal.SingleQueryingEnumerable`1.Enumerator.MoveNext()
   at System.Linq.Enumerable.TryGetSingle[TSource](IEnumerable`1 source, Boolean& found)
   at lambda_method254(Closure , QueryContext )
   at Microsoft.EntityFrameworkCore.Query.Internal.QueryCompiler.Execute[TResult](Expression query)
   at Microsoft.EntityFrameworkCore.Query.Internal.EntityQueryProvider.Execute[TResult](Expression expression)
   at System.Linq.Queryable.FirstOrDefault[TSource](IQueryable`1 source)
   at AES.BusinessLogic.Implementation.UserFinder.findByLogin(String login) in /home/timur/RiderProjects/AES/AES.BusinessLogic.Implementation/UserFinderBusinessObject.cs:line 19
   at Program.<Main>$(String[] args) in /home/timur/RiderProjects/AES/MyStoryBot/Program.cs:line 73
